# JRE version: Java(TM) SE Runtime Environment (8.0_161-b12) (build 1.8.0_161-b12)
# Java VM: Java HotSpot(TM) 64-Bit Server VM (25.161-b12 mixed mode linux-amd64 compressed oops)
Heap:
 PSYoungGen      total 379392K, used 11641K [0x00000000d6600000, 0x00000000ef580000, 0x0000000100000000)
  eden space 363008K, 0% used [0x00000000d6600000,0x00000000d6600000,0x00000000ec880000)
  from space 16384K, 71% used [0x00000000ec880000,0x00000000ed3de638,0x00000000ed880000)
  to   space 13312K, 0% used [0x00000000ed880000,0x00000000ed880000,0x00000000ee580000)
 ParOldGen       total 69120K, used 31830K [0x0000000083200000, 0x0000000087580000, 0x00000000d6600000)
  object space 69120K, 46% used [0x0000000083200000,0x0000000085115ae0,0x0000000087580000)
 Metaspace       used 46196K, capacity 46752K, committed 46976K, reserved 1089536K
  class space    used 6099K, capacity 6239K, committed 6272K, reserved 1048576K
GC Heap History (10 events):
Event: 5.664 GC heap after
Heap after GC invocations=8 (full 1):
 PSYoungGen      total 139776K, used 0K [0x00000000d6600000, 0x00000000e7700000, 0x0000000100000000)
  eden space 130048K, 0% used [0x00000000d6600000,0x00000000d6600000,0x00000000de500000)
  from space 9728K, 0% used [0x00000000de500000,0x00000000de500000,0x00000000dee80000)
  to   space 9728K, 0% used [0x00000000e6d80000,0x00000000e6d80000,0x00000000e7700000)
 ParOldGen       total 46080K, used 6811K [0x0000000083200000, 0x0000000085f00000, 0x00000000d6600000)
  object space 46080K, 14% used [0x0000000083200000,0x00000000838a6f58,0x0000000085f00000)
 Metaspace       used 20940K, capacity 21188K, committed 21296K, reserved 1069056K
  class space    used 2558K, capacity 2639K, committed 2688K, reserved 1048576K
}
Event: 8.527 GC heap before
{Heap before GC invocations=9 (full 1):
 PSYoungGen      total 139776K, used 130048K [0x00000000d6600000, 0x00000000e7700000, 0x0000000100000000)
  eden space 130048K, 100% used [0x00000000d6600000,0x00000000de500000,0x00000000de500000)
  from space 9728K, 0% used [0x00000000de500000,0x00000000de500000,0x00000000dee80000)
  to   space 9728K, 0% used [0x00000000e6d80000,0x00000000e6d80000,0x00000000e7700000)
 ParOldGen       total 46080K, used 6811K [0x0000000083200000, 0x0000000085f00000, 0x00000000d6600000)
  object space 46080K, 14% used [0x0000000083200000,0x00000000838a6f58,0x0000000085f00000)
 Metaspace       used 26362K, capacity 26704K, committed 27008K, reserved 1073152K
  class space    used 3289K, capacity 3394K, committed 3456K, reserved 1048576K
Event: 8.560 GC heap after
Heap after GC invocations=9 (full 1):
 PSYoungGen      total 251904K, used 8482K [0x00000000d6600000, 0x00000000e7600000, 0x0000000100000000)
  eden space 243200K, 0% used [0x00000000d6600000,0x00000000d6600000,0x00000000e5380000)
  from space 8704K, 97% used [0x00000000e6d80000,0x00000000e75c8828,0x00000000e7600000)
  to   space 10240K, 0% used [0x00000000e6200000,0x00000000e6200000,0x00000000e6c00000)
 ParOldGen       total 46080K, used 6819K [0x0000000083200000, 0x0000000085f00000, 0x00000000d6600000)
  object space 46080K, 14% used [0x0000000083200000,0x00000000838a8f58,0x0000000085f00000)
 Metaspace       used 26362K, capacity 26704K, committed 27008K, reserved 1073152K
  class space    used 3289K, capacity 3394K, committed 3456K, reserved 1048576K
}
Event: 11.906 GC heap before
{Heap before GC invocations=10 (full 1):
 PSYoungGen      total 251904K, used 188146K [0x00000000d6600000, 0x00000000e7600000, 0x0000000100000000)
  eden space 243200K, 73% used [0x00000000d6600000,0x00000000e1574170,0x00000000e5380000)
  from space 8704K, 97% used [0x00000000e6d80000,0x00000000e75c8828,0x00000000e7600000)
  to   space 10240K, 0% used [0x00000000e6200000,0x00000000e6200000,0x00000000e6c00000)
 ParOldGen       total 46080K, used 6819K [0x0000000083200000, 0x0000000085f00000, 0x00000000d6600000)
  object space 46080K, 14% used [0x0000000083200000,0x00000000838a8f58,0x0000000085f00000)
 Metaspace       used 34829K, capacity 35214K, committed 35496K, reserved 1081344K
  class space    used 4454K, capacity 4573K, committed 4608K, reserved 1048576K
Event: 11.990 GC heap after
Heap after GC invocations=10 (full 1):
 PSYoungGen      total 268288K, used 10222K [0x00000000d6600000, 0x00000000ee580000, 0x0000000100000000)
  eden space 258048K, 0% used [0x00000000d6600000,0x00000000d6600000,0x00000000e6200000)
  from space 10240K, 99% used [0x00000000e6200000,0x00000000e6bfb918,0x00000000e6c00000)
  to   space 13312K, 0% used [0x00000000ed880000,0x00000000ed880000,0x00000000ee580000)
 ParOldGen       total 46080K, used 11526K [0x0000000083200000, 0x0000000085f00000, 0x00000000d6600000)
  object space 46080K, 25% used [0x0000000083200000,0x0000000083d419b0,0x0000000085f00000)
 Metaspace       used 34829K, capacity 35214K, committed 35496K, reserved 1081344K
  class space    used 4454K, capacity 4573K, committed 4608K, reserved 1048576K
}
Event: 11.990 GC heap before
{Heap before GC invocations=11 (full 2):
 PSYoungGen      total 268288K, used 10222K [0x00000000d6600000, 0x00000000ee580000, 0x0000000100000000)
  eden space 258048K, 0% used [0x00000000d6600000,0x00000000d6600000,0x00000000e6200000)
  from space 10240K, 99% used [0x00000000e6200000,0x00000000e6bfb918,0x00000000e6c00000)
  to   space 13312K, 0% used [0x00000000ed880000,0x00000000ed880000,0x00000000ee580000)
 ParOldGen       total 46080K, used 11526K [0x0000000083200000, 0x0000000085f00000, 0x00000000d6600000)
  object space 46080K, 25% used [0x0000000083200000,0x0000000083d419b0,0x0000000085f00000)
 Metaspace       used 34829K, capacity 35214K, committed 35496K, reserved 1081344K
  class space    used 4454K, capacity 4573K, committed 4608K, reserved 1048576K
Event: 12.186 GC heap after
Heap after GC invocations=11 (full 2):
 PSYoungGen      total 268288K, used 0K [0x00000000d6600000, 0x00000000ee580000, 0x0000000100000000)
  eden space 258048K, 0% used [0x00000000d6600000,0x00000000d6600000,0x00000000e6200000)
  from space 10240K, 0% used [0x00000000e6200000,0x00000000e6200000,0x00000000e6c00000)
  to   space 13312K, 0% used [0x00000000ed880000,0x00000000ed880000,0x00000000ee580000)
 ParOldGen       total 69120K, used 20919K [0x0000000083200000, 0x0000000087580000, 0x00000000d6600000)
  object space 69120K, 30% used [0x0000000083200000,0x000000008466dfe0,0x0000000087580000)
 Metaspace       used 34829K, capacity 35214K, committed 35496K, reserved 1081344K
  class space    used 4454K, capacity 4573K, committed 4608K, reserved 1048576K
}
Event: 16.604 GC heap before
{Heap before GC invocations=12 (full 2):
 PSYoungGen      total 268288K, used 258048K [0x00000000d6600000, 0x00000000ee580000, 0x0000000100000000)
  eden space 258048K, 100% used [0x00000000d6600000,0x00000000e6200000,0x00000000e6200000)
  from space 10240K, 0% used [0x00000000e6200000,0x00000000e6200000,0x00000000e6c00000)
  to   space 13312K, 0% used [0x00000000ed880000,0x00000000ed880000,0x00000000ee580000)
 ParOldGen       total 69120K, used 20919K [0x0000000083200000, 0x0000000087580000, 0x00000000d6600000)
  object space 69120K, 30% used [0x0000000083200000,0x000000008466dfe0,0x0000000087580000)
 Metaspace       used 45220K, capacity 45732K, committed 46080K, reserved 1089536K
  class space    used 5968K, capacity 6125K, committed 6144K, reserved 1048576K
Event: 16.675 GC heap after
Heap after GC invocations=12 (full 2):
 PSYoungGen      total 376320K, used 13286K [0x00000000d6600000, 0x00000000ef580000, 0x0000000100000000)
  eden space 363008K, 0% used [0x00000000d6600000,0x00000000d6600000,0x00000000ec880000)
  from space 13312K, 99% used [0x00000000ed880000,0x00000000ee579888,0x00000000ee580000)
  to   space 16384K, 0% used [0x00000000ec880000,0x00000000ec880000,0x00000000ed880000)
 ParOldGen       total 69120K, used 24422K [0x0000000083200000, 0x0000000087580000, 0x00000000d6600000)
  object space 69120K, 35% used [0x0000000083200000,0x00000000849d9a80,0x0000000087580000)
 Metaspace       used 45220K, capacity 45732K, committed 46080K, reserved 1089536K
  class space    used 5968K, capacity 6125K, committed 6144K, reserved 1048576K
}
Event: 24.768 GC heap before
{Heap before GC invocations=13 (full 2):
 PSYoungGen      total 376320K, used 376294K [0x00000000d6600000, 0x00000000ef580000, 0x0000000100000000)
  eden space 363008K, 100% used [0x00000000d6600000,0x00000000ec880000,0x00000000ec880000)
  from space 13312K, 99% used [0x00000000ed880000,0x00000000ee579888,0x00000000ee580000)
  to   space 16384K, 0% used [0x00000000ec880000,0x00000000ec880000,0x00000000ed880000)
 ParOldGen       total 69120K, used 24422K [0x0000000083200000, 0x0000000087580000, 0x00000000d6600000)
  object space 69120K, 35% used [0x0000000083200000,0x00000000849d9a80,0x0000000087580000)
 Metaspace       used 46196K, capacity 46752K, committed 46976K, reserved 1089536K
  class space    used 6099K, capacity 6239K, committed 6272K, reserved 1048576K

