# JRE version: Java(TM) SE Runtime Environment (8.0_161-b12) (build 1.8.0_161-b12)
# Java VM: Java HotSpot(TM) 64-Bit Server VM (25.161-b12 mixed mode linux-amd64 compressed oops)
Heap:
 PSYoungGen      total 397312K, used 8537K [0x00000000d6700000, 0x00000000f0080000, 0x0000000100000000)
  eden space 381440K, 0% used [0x00000000d6700000,0x00000000d6700000,0x00000000edb80000)
  from space 15872K, 53% used [0x00000000edb80000,0x00000000ee3d6638,0x00000000eeb00000)
  to   space 13312K, 0% used [0x00000000eeb00000,0x00000000eeb00000,0x00000000ef800000)
 ParOldGen       total 65536K, used 30369K [0x0000000083400000, 0x0000000087400000, 0x00000000d6700000)
  object space 65536K, 46% used [0x0000000083400000,0x00000000851a8570,0x0000000087400000)
 Metaspace       used 42697K, capacity 43262K, committed 43648K, reserved 1087488K
  class space    used 5593K, capacity 5758K, committed 5760K, reserved 1048576K
GC Heap History (10 events):
Event: 6.399 GC heap after
Heap after GC invocations=8 (full 1):
 PSYoungGen      total 139776K, used 0K [0x00000000d6700000, 0x00000000e7800000, 0x0000000100000000)
  eden space 130048K, 0% used [0x00000000d6700000,0x00000000d6700000,0x00000000de600000)
  from space 9728K, 0% used [0x00000000de600000,0x00000000de600000,0x00000000def80000)
  to   space 9728K, 0% used [0x00000000e6e80000,0x00000000e6e80000,0x00000000e7800000)
 ParOldGen       total 45056K, used 6637K [0x0000000083400000, 0x0000000086000000, 0x00000000d6700000)
  object space 45056K, 14% used [0x0000000083400000,0x0000000083a7b488,0x0000000086000000)
 Metaspace       used 20980K, capacity 21182K, committed 21296K, reserved 1069056K
  class space    used 2555K, capacity 2637K, committed 2688K, reserved 1048576K
}
Event: 9.575 GC heap before
{Heap before GC invocations=9 (full 1):
 PSYoungGen      total 139776K, used 130048K [0x00000000d6700000, 0x00000000e7800000, 0x0000000100000000)
  eden space 130048K, 100% used [0x00000000d6700000,0x00000000de600000,0x00000000de600000)
  from space 9728K, 0% used [0x00000000de600000,0x00000000de600000,0x00000000def80000)
  to   space 9728K, 0% used [0x00000000e6e80000,0x00000000e6e80000,0x00000000e7800000)
 ParOldGen       total 45056K, used 6637K [0x0000000083400000, 0x0000000086000000, 0x00000000d6700000)
  object space 45056K, 14% used [0x0000000083400000,0x0000000083a7b488,0x0000000086000000)
 Metaspace       used 26427K, capacity 26834K, committed 27008K, reserved 1073152K
  class space    used 3288K, capacity 3392K, committed 3456K, reserved 1048576K
Event: 9.599 GC heap after
Heap after GC invocations=9 (full 1):
 PSYoungGen      total 258048K, used 8442K [0x00000000d6700000, 0x00000000e7700000, 0x0000000100000000)
  eden space 249344K, 0% used [0x00000000d6700000,0x00000000d6700000,0x00000000e5a80000)
  from space 8704K, 96% used [0x00000000e6e80000,0x00000000e76bea58,0x00000000e7700000)
  to   space 10240K, 0% used [0x00000000e6300000,0x00000000e6300000,0x00000000e6d00000)
 ParOldGen       total 45056K, used 6645K [0x0000000083400000, 0x0000000086000000, 0x00000000d6700000)
  object space 45056K, 14% used [0x0000000083400000,0x0000000083a7d488,0x0000000086000000)
 Metaspace       used 26427K, capacity 26834K, committed 27008K, reserved 1073152K
  class space    used 3288K, capacity 3392K, committed 3456K, reserved 1048576K
}
Event: 11.749 GC heap before
{Heap before GC invocations=10 (full 1):
 PSYoungGen      total 258048K, used 185132K [0x00000000d6700000, 0x00000000e7700000, 0x0000000100000000)
  eden space 249344K, 70% used [0x00000000d6700000,0x00000000e138c690,0x00000000e5a80000)
  from space 8704K, 96% used [0x00000000e6e80000,0x00000000e76bea58,0x00000000e7700000)
  to   space 10240K, 0% used [0x00000000e6300000,0x00000000e6300000,0x00000000e6d00000)
 ParOldGen       total 45056K, used 6645K [0x0000000083400000, 0x0000000086000000, 0x00000000d6700000)
  object space 45056K, 14% used [0x0000000083400000,0x0000000083a7d488,0x0000000086000000)
 Metaspace       used 34807K, capacity 35216K, committed 35496K, reserved 1081344K
  class space    used 4453K, capacity 4571K, committed 4608K, reserved 1048576K
Event: 11.801 GC heap after
Heap after GC invocations=10 (full 1):
 PSYoungGen      total 268288K, used 10214K [0x00000000d6700000, 0x00000000ef800000, 0x0000000100000000)
  eden space 258048K, 0% used [0x00000000d6700000,0x00000000d6700000,0x00000000e6300000)
  from space 10240K, 99% used [0x00000000e6300000,0x00000000e6cf9a58,0x00000000e6d00000)
  to   space 13312K, 0% used [0x00000000eeb00000,0x00000000eeb00000,0x00000000ef800000)
 ParOldGen       total 45056K, used 11385K [0x0000000083400000, 0x0000000086000000, 0x00000000d6700000)
  object space 45056K, 25% used [0x0000000083400000,0x0000000083f1e670,0x0000000086000000)
 Metaspace       used 34807K, capacity 35216K, committed 35496K, reserved 1081344K
  class space    used 4453K, capacity 4571K, committed 4608K, reserved 1048576K
}
Event: 11.801 GC heap before
{Heap before GC invocations=11 (full 2):
 PSYoungGen      total 268288K, used 10214K [0x00000000d6700000, 0x00000000ef800000, 0x0000000100000000)
  eden space 258048K, 0% used [0x00000000d6700000,0x00000000d6700000,0x00000000e6300000)
  from space 10240K, 99% used [0x00000000e6300000,0x00000000e6cf9a58,0x00000000e6d00000)
  to   space 13312K, 0% used [0x00000000eeb00000,0x00000000eeb00000,0x00000000ef800000)
 ParOldGen       total 45056K, used 11385K [0x0000000083400000, 0x0000000086000000, 0x00000000d6700000)
  object space 45056K, 25% used [0x0000000083400000,0x0000000083f1e670,0x0000000086000000)
 Metaspace       used 34807K, capacity 35216K, committed 35496K, reserved 1081344K
  class space    used 4453K, capacity 4571K, committed 4608K, reserved 1048576K
Event: 11.941 GC heap after
Heap after GC invocations=11 (full 2):
 PSYoungGen      total 268288K, used 0K [0x00000000d6700000, 0x00000000ef800000, 0x0000000100000000)
  eden space 258048K, 0% used [0x00000000d6700000,0x00000000d6700000,0x00000000e6300000)
  from space 10240K, 0% used [0x00000000e6300000,0x00000000e6300000,0x00000000e6d00000)
  to   space 13312K, 0% used [0x00000000eeb00000,0x00000000eeb00000,0x00000000ef800000)
 ParOldGen       total 65536K, used 20908K [0x0000000083400000, 0x0000000087400000, 0x00000000d6700000)
  object space 65536K, 31% used [0x0000000083400000,0x000000008486b268,0x0000000087400000)
 Metaspace       used 34807K, capacity 35216K, committed 35496K, reserved 1081344K
  class space    used 4453K, capacity 4571K, committed 4608K, reserved 1048576K
}
Event: 16.745 GC heap before
{Heap before GC invocations=12 (full 2):
 PSYoungGen      total 268288K, used 258048K [0x00000000d6700000, 0x00000000ef800000, 0x0000000100000000)
  eden space 258048K, 100% used [0x00000000d6700000,0x00000000e6300000,0x00000000e6300000)
  from space 10240K, 0% used [0x00000000e6300000,0x00000000e6300000,0x00000000e6d00000)
  to   space 13312K, 0% used [0x00000000eeb00000,0x00000000eeb00000,0x00000000ef800000)
 ParOldGen       total 65536K, used 20908K [0x0000000083400000, 0x0000000087400000, 0x00000000d6700000)
  object space 65536K, 31% used [0x0000000083400000,0x000000008486b268,0x0000000087400000)
 Metaspace       used 42005K, capacity 42480K, committed 42752K, reserved 1087488K
  class space    used 5499K, capacity 5625K, committed 5632K, reserved 1048576K
Event: 16.793 GC heap after
Heap after GC invocations=12 (full 2):
 PSYoungGen      total 394752K, used 13307K [0x00000000d6700000, 0x00000000f0080000, 0x0000000100000000)
  eden space 381440K, 0% used [0x00000000d6700000,0x00000000d6700000,0x00000000edb80000)
  from space 13312K, 99% used [0x00000000eeb00000,0x00000000ef7feef0,0x00000000ef800000)
  to   space 15872K, 0% used [0x00000000edb80000,0x00000000edb80000,0x00000000eeb00000)
 ParOldGen       total 65536K, used 22377K [0x0000000083400000, 0x0000000087400000, 0x00000000d6700000)
  object space 65536K, 34% used [0x0000000083400000,0x00000000849da4f0,0x0000000087400000)
 Metaspace       used 42005K, capacity 42480K, committed 42752K, reserved 1087488K
  class space    used 5499K, capacity 5625K, committed 5632K, reserved 1048576K
}
Event: 52.187 GC heap before
{Heap before GC invocations=13 (full 2):
 PSYoungGen      total 394752K, used 394747K [0x00000000d6700000, 0x00000000f0080000, 0x0000000100000000)
  eden space 381440K, 100% used [0x00000000d6700000,0x00000000edb80000,0x00000000edb80000)
  from space 13312K, 99% used [0x00000000eeb00000,0x00000000ef7feef0,0x00000000ef800000)
  to   space 15872K, 0% used [0x00000000edb80000,0x00000000edb80000,0x00000000eeb00000)
 ParOldGen       total 65536K, used 22377K [0x0000000083400000, 0x0000000087400000, 0x00000000d6700000)
  object space 65536K, 34% used [0x0000000083400000,0x00000000849da4f0,0x0000000087400000)
 Metaspace       used 42697K, capacity 43262K, committed 43648K, reserved 1087488K
  class space    used 5593K, capacity 5758K, committed 5760K, reserved 1048576K

