# JRE version: Java(TM) SE Runtime Environment (8.0_161-b12) (build 1.8.0_161-b12)
# Java VM: Java HotSpot(TM) 64-Bit Server VM (25.161-b12 mixed mode linux-amd64 compressed oops)
Heap:
 PSYoungGen      total 404992K, used 13081K [0x00000000d6600000, 0x00000000f0580000, 0x0000000100000000)
  eden space 388608K, 0% used [0x00000000d6600000,0x00000000d6600000,0x00000000ee180000)
  from space 16384K, 79% used [0x00000000ee180000,0x00000000eee46638,0x00000000ef180000)
  to   space 13312K, 0% used [0x00000000ef180000,0x00000000ef180000,0x00000000efe80000)
 ParOldGen       total 64000K, used 31912K [0x0000000083200000, 0x0000000087080000, 0x00000000d6600000)
  object space 64000K, 49% used [0x0000000083200000,0x000000008512a308,0x0000000087080000)
 Metaspace       used 46166K, capacity 46760K, committed 46976K, reserved 1089536K
  class space    used 6097K, capacity 6239K, committed 6272K, reserved 1048576K
GC Heap History (10 events):
Event: 5.481 GC heap after
Heap after GC invocations=8 (full 1):
 PSYoungGen      total 139776K, used 0K [0x00000000d6600000, 0x00000000e7700000, 0x0000000100000000)
  eden space 130048K, 0% used [0x00000000d6600000,0x00000000d6600000,0x00000000de500000)
  from space 9728K, 0% used [0x00000000de500000,0x00000000de500000,0x00000000dee80000)
  to   space 9728K, 0% used [0x00000000e6d80000,0x00000000e6d80000,0x00000000e7700000)
 ParOldGen       total 46080K, used 8324K [0x0000000083200000, 0x0000000085f00000, 0x00000000d6600000)
  object space 46080K, 18% used [0x0000000083200000,0x0000000083a21068,0x0000000085f00000)
 Metaspace       used 20935K, capacity 21196K, committed 21296K, reserved 1069056K
  class space    used 2554K, capacity 2639K, committed 2688K, reserved 1048576K
}
Event: 9.460 GC heap before
{Heap before GC invocations=9 (full 1):
 PSYoungGen      total 139776K, used 130048K [0x00000000d6600000, 0x00000000e7700000, 0x0000000100000000)
  eden space 130048K, 100% used [0x00000000d6600000,0x00000000de500000,0x00000000de500000)
  from space 9728K, 0% used [0x00000000de500000,0x00000000de500000,0x00000000dee80000)
  to   space 9728K, 0% used [0x00000000e6d80000,0x00000000e6d80000,0x00000000e7700000)
 ParOldGen       total 46080K, used 8324K [0x0000000083200000, 0x0000000085f00000, 0x00000000d6600000)
  object space 46080K, 18% used [0x0000000083200000,0x0000000083a21068,0x0000000085f00000)
 Metaspace       used 26333K, capacity 26712K, committed 27008K, reserved 1073152K
  class space    used 3287K, capacity 3394K, committed 3456K, reserved 1048576K
Event: 9.498 GC heap after
Heap after GC invocations=9 (full 1):
 PSYoungGen      total 260608K, used 8479K [0x00000000d6600000, 0x00000000e7600000, 0x0000000100000000)
  eden space 251904K, 0% used [0x00000000d6600000,0x00000000d6600000,0x00000000e5c00000)
  from space 8704K, 97% used [0x00000000e6d80000,0x00000000e75c7f80,0x00000000e7600000)
  to   space 10240K, 0% used [0x00000000e6200000,0x00000000e6200000,0x00000000e6c00000)
 ParOldGen       total 46080K, used 8332K [0x0000000083200000, 0x0000000085f00000, 0x00000000d6600000)
  object space 46080K, 18% used [0x0000000083200000,0x0000000083a23068,0x0000000085f00000)
 Metaspace       used 26333K, capacity 26712K, committed 27008K, reserved 1073152K
  class space    used 3287K, capacity 3394K, committed 3456K, reserved 1048576K
}
Event: 13.154 GC heap before
{Heap before GC invocations=10 (full 1):
 PSYoungGen      total 260608K, used 182916K [0x00000000d6600000, 0x00000000e7600000, 0x0000000100000000)
  eden space 251904K, 69% used [0x00000000d6600000,0x00000000e1059350,0x00000000e5c00000)
  from space 8704K, 97% used [0x00000000e6d80000,0x00000000e75c7f80,0x00000000e7600000)
  to   space 10240K, 0% used [0x00000000e6200000,0x00000000e6200000,0x00000000e6c00000)
 ParOldGen       total 46080K, used 8332K [0x0000000083200000, 0x0000000085f00000, 0x00000000d6600000)
  object space 46080K, 18% used [0x0000000083200000,0x0000000083a23068,0x0000000085f00000)
 Metaspace       used 34826K, capacity 35222K, committed 35496K, reserved 1081344K
  class space    used 4460K, capacity 4573K, committed 4608K, reserved 1048576K
Event: 13.233 GC heap after
Heap after GC invocations=10 (full 1):
 PSYoungGen      total 268288K, used 10227K [0x00000000d6600000, 0x00000000efe80000, 0x0000000100000000)
  eden space 258048K, 0% used [0x00000000d6600000,0x00000000d6600000,0x00000000e6200000)
  from space 10240K, 99% used [0x00000000e6200000,0x00000000e6bfcf68,0x00000000e6c00000)
  to   space 13312K, 0% used [0x00000000ef180000,0x00000000ef180000,0x00000000efe80000)
 ParOldGen       total 46080K, used 13118K [0x0000000083200000, 0x0000000085f00000, 0x00000000d6600000)
  object space 46080K, 28% used [0x0000000083200000,0x0000000083ecfba0,0x0000000085f00000)
 Metaspace       used 34826K, capacity 35222K, committed 35496K, reserved 1081344K
  class space    used 4460K, capacity 4573K, committed 4608K, reserved 1048576K
}
Event: 13.233 GC heap before
{Heap before GC invocations=11 (full 2):
 PSYoungGen      total 268288K, used 10227K [0x00000000d6600000, 0x00000000efe80000, 0x0000000100000000)
  eden space 258048K, 0% used [0x00000000d6600000,0x00000000d6600000,0x00000000e6200000)
  from space 10240K, 99% used [0x00000000e6200000,0x00000000e6bfcf68,0x00000000e6c00000)
  to   space 13312K, 0% used [0x00000000ef180000,0x00000000ef180000,0x00000000efe80000)
 ParOldGen       total 46080K, used 13118K [0x0000000083200000, 0x0000000085f00000, 0x00000000d6600000)
  object space 46080K, 28% used [0x0000000083200000,0x0000000083ecfba0,0x0000000085f00000)
 Metaspace       used 34826K, capacity 35222K, committed 35496K, reserved 1081344K
  class space    used 4460K, capacity 4573K, committed 4608K, reserved 1048576K
Event: 13.385 GC heap after
Heap after GC invocations=11 (full 2):
 PSYoungGen      total 268288K, used 0K [0x00000000d6600000, 0x00000000efe80000, 0x0000000100000000)
  eden space 258048K, 0% used [0x00000000d6600000,0x00000000d6600000,0x00000000e6200000)
  from space 10240K, 0% used [0x00000000e6200000,0x00000000e6200000,0x00000000e6c00000)
  to   space 13312K, 0% used [0x00000000ef180000,0x00000000ef180000,0x00000000efe80000)
 ParOldGen       total 64000K, used 20988K [0x0000000083200000, 0x0000000087080000, 0x00000000d6600000)
  object space 64000K, 32% used [0x0000000083200000,0x000000008467f388,0x0000000087080000)
 Metaspace       used 34826K, capacity 35222K, committed 35496K, reserved 1081344K
  class space    used 4460K, capacity 4573K, committed 4608K, reserved 1048576K
}
Event: 17.732 GC heap before
{Heap before GC invocations=12 (full 2):
 PSYoungGen      total 268288K, used 258048K [0x00000000d6600000, 0x00000000efe80000, 0x0000000100000000)
  eden space 258048K, 100% used [0x00000000d6600000,0x00000000e6200000,0x00000000e6200000)
  from space 10240K, 0% used [0x00000000e6200000,0x00000000e6200000,0x00000000e6c00000)
  to   space 13312K, 0% used [0x00000000ef180000,0x00000000ef180000,0x00000000efe80000)
 ParOldGen       total 64000K, used 20988K [0x0000000083200000, 0x0000000087080000, 0x00000000d6600000)
  object space 64000K, 32% used [0x0000000083200000,0x000000008467f388,0x0000000087080000)
 Metaspace       used 45169K, capacity 45676K, committed 46080K, reserved 1089536K
  class space    used 5968K, capacity 6125K, committed 6144K, reserved 1048576K
Event: 17.801 GC heap after
Heap after GC invocations=12 (full 2):
 PSYoungGen      total 401920K, used 13281K [0x00000000d6600000, 0x00000000f0580000, 0x0000000100000000)
  eden space 388608K, 0% used [0x00000000d6600000,0x00000000d6600000,0x00000000ee180000)
  from space 13312K, 99% used [0x00000000ef180000,0x00000000efe78410,0x00000000efe80000)
  to   space 16384K, 0% used [0x00000000ee180000,0x00000000ee180000,0x00000000ef180000)
 ParOldGen       total 64000K, used 24464K [0x0000000083200000, 0x0000000087080000, 0x00000000d6600000)
  object space 64000K, 38% used [0x0000000083200000,0x00000000849e42a8,0x0000000087080000)
 Metaspace       used 45169K, capacity 45676K, committed 46080K, reserved 1089536K
  class space    used 5968K, capacity 6125K, committed 6144K, reserved 1048576K
}
Event: 24.723 GC heap before
{Heap before GC invocations=13 (full 2):
 PSYoungGen      total 401920K, used 401889K [0x00000000d6600000, 0x00000000f0580000, 0x0000000100000000)
  eden space 388608K, 100% used [0x00000000d6600000,0x00000000ee180000,0x00000000ee180000)
  from space 13312K, 99% used [0x00000000ef180000,0x00000000efe78410,0x00000000efe80000)
  to   space 16384K, 0% used [0x00000000ee180000,0x00000000ee180000,0x00000000ef180000)
 ParOldGen       total 64000K, used 24464K [0x0000000083200000, 0x0000000087080000, 0x00000000d6600000)
  object space 64000K, 38% used [0x0000000083200000,0x00000000849e42a8,0x0000000087080000)
 Metaspace       used 46166K, capacity 46760K, committed 46976K, reserved 1089536K
  class space    used 6097K, capacity 6239K, committed 6272K, reserved 1048576K

